[     945ms] [WARNING] Since you haven't set a value for `useCdn`, we will deliver content using our global, edge-cached API-CDN. If you wish to have content delivered faster, set `useCdn: false` to use the Live API. Note: You may incur higher costs using the live API. @ https://makeheadway.com/onboarding/_next/static/chunks/2992-abf97510c4cae97e.js:9
[    1306ms] [WARNING] TikTok pixel has not been initialized @ https://makeheadway.com/onboarding/_next/static/chunks/2992-abf97510c4cae97e.js:9
[    1306ms] [WARNING] Facebook pixel has not been initialized @ https://makeheadway.com/onboarding/_next/static/chunks/2992-abf97510c4cae97e.js:9
[    1307ms] [WARNING] Custom Facebook pixel has not been initialized @ https://makeheadway.com/onboarding/_next/static/chunks/2992-abf97510c4cae97e.js:9
[    1308ms] [WARNING] @next/third-parties: GA has not been initialized @ https://makeheadway.com/onboarding/_next/static/chunks/2992-abf97510c4cae97e.js:9
[    1308ms] [WARNING] Axon pixel has not been initialized @ https://makeheadway.com/onboarding/_next/static/chunks/2992-abf97510c4cae97e.js:9
[    1308ms] [WARNING] Taboola pixel has not been initialized @ https://makeheadway.com/onboarding/_next/static/chunks/2992-abf97510c4cae97e.js:9
[    1309ms] [WARNING] Snapchat pixel has not been initialized @ https://makeheadway.com/onboarding/_next/static/chunks/2992-abf97510c4cae97e.js:9
[    1309ms] [WARNING] Outbrain pixel has not been initialized @ https://makeheadway.com/onboarding/_next/static/chunks/2992-abf97510c4cae97e.js:9
[    1324ms] [WARNING] Pinterest pixel has not been initialized @ https://makeheadway.com/onboarding/_next/static/chunks/2992-abf97510c4cae97e.js:9
[    3078ms] [WARNING] TikTok pixel has not been initialized @ https://makeheadway.com/onboarding/_next/static/chunks/2992-abf97510c4cae97e.js:9
[    3079ms] [WARNING] Facebook pixel has not been initialized @ https://makeheadway.com/onboarding/_next/static/chunks/2992-abf97510c4cae97e.js:9
[    3079ms] [WARNING] Custom Facebook pixel has not been initialized @ https://makeheadway.com/onboarding/_next/static/chunks/2992-abf97510c4cae97e.js:9
[    3079ms] [WARNING] @next/third-parties: GA has not been initialized @ https://makeheadway.com/onboarding/_next/static/chunks/2992-abf97510c4cae97e.js:9
[    3079ms] [WARNING] Axon pixel has not been initialized @ https://makeheadway.com/onboarding/_next/static/chunks/2992-abf97510c4cae97e.js:9
[    3079ms] [WARNING] Taboola pixel has not been initialized @ https://makeheadway.com/onboarding/_next/static/chunks/2992-abf97510c4cae97e.js:9
[    3079ms] [WARNING] Outbrain pixel has not been initialized @ https://makeheadway.com/onboarding/_next/static/chunks/2992-abf97510c4cae97e.js:9
[    3527ms] [WARNING] Axon pixel has not been initialized @ https://makeheadway.com/onboarding/_next/static/chunks/2992-abf97510c4cae97e.js:9
[    3528ms] [WARNING] Outbrain pixel has not been initialized @ https://makeheadway.com/onboarding/_next/static/chunks/2992-abf97510c4cae97e.js:9
[    3622ms] [INFO] Send service host not supplied; defaulting to empty string. @ https://makeheadway.com/onboarding/_next/static/chunks/2992-abf97510c4cae97e.js:9
