[    1415ms] [WARNING] Since you haven't set a value for `useCdn`, we will deliver content using our global, edge-cached API-CDN. If you wish to have content delivered faster, set `useCdn: false` to use the Live API. Note: You may incur higher costs using the live API. @ https://makeheadway.com/onboarding/_next/static/chunks/2992-abf97510c4cae97e.js:9
[    1791ms] [WARNING] TikTok pixel has not been initialized @ https://makeheadway.com/onboarding/_next/static/chunks/2992-abf97510c4cae97e.js:9
[    1791ms] [WARNING] Facebook pixel has not been initialized @ https://makeheadway.com/onboarding/_next/static/chunks/2992-abf97510c4cae97e.js:9
[    1791ms] [WARNING] Custom Facebook pixel has not been initialized @ https://makeheadway.com/onboarding/_next/static/chunks/2992-abf97510c4cae97e.js:9
[    1793ms] [WARNING] @next/third-parties: GA has not been initialized @ https://makeheadway.com/onboarding/_next/static/chunks/2992-abf97510c4cae97e.js:9
[    1794ms] [WARNING] Axon pixel has not been initialized @ https://makeheadway.com/onboarding/_next/static/chunks/2992-abf97510c4cae97e.js:9
[    1794ms] [WARNING] Taboola pixel has not been initialized @ https://makeheadway.com/onboarding/_next/static/chunks/2992-abf97510c4cae97e.js:9
[    1794ms] [WARNING] Snapchat pixel has not been initialized @ https://makeheadway.com/onboarding/_next/static/chunks/2992-abf97510c4cae97e.js:9
[    1795ms] [WARNING] Outbrain pixel has not been initialized @ https://makeheadway.com/onboarding/_next/static/chunks/2992-abf97510c4cae97e.js:9
[    1880ms] [WARNING] Pinterest pixel has not been initialized @ https://makeheadway.com/onboarding/_next/static/chunks/2992-abf97510c4cae97e.js:9
[    6731ms] [WARNING] The resource https://makeheadway.com/onboarding/vendor/rive/rive.wasm was preloaded using link preload but not used within a few seconds from the window's load event. Please make sure it has an appropriate `as` value and it is preloaded intentionally. @ https://makeheadway.com/onboarding/self-growth/landing:0
[    7000ms] [WARNING] TikTok pixel has not been initialized @ https://makeheadway.com/onboarding/_next/static/chunks/2992-abf97510c4cae97e.js:9
[    7000ms] [WARNING] Facebook pixel has not been initialized @ https://makeheadway.com/onboarding/_next/static/chunks/2992-abf97510c4cae97e.js:9
[    7000ms] [WARNING] Custom Facebook pixel has not been initialized @ https://makeheadway.com/onboarding/_next/static/chunks/2992-abf97510c4cae97e.js:9
[    7000ms] [WARNING] @next/third-parties: GA has not been initialized @ https://makeheadway.com/onboarding/_next/static/chunks/2992-abf97510c4cae97e.js:9
[    7000ms] [WARNING] Axon pixel has not been initialized @ https://makeheadway.com/onboarding/_next/static/chunks/2992-abf97510c4cae97e.js:9
[    7001ms] [WARNING] Taboola pixel has not been initialized @ https://makeheadway.com/onboarding/_next/static/chunks/2992-abf97510c4cae97e.js:9
[    7001ms] [WARNING] Outbrain pixel has not been initialized @ https://makeheadway.com/onboarding/_next/static/chunks/2992-abf97510c4cae97e.js:9
[    7440ms] [WARNING] Axon pixel has not been initialized @ https://makeheadway.com/onboarding/_next/static/chunks/2992-abf97510c4cae97e.js:9
[    7441ms] [WARNING] Outbrain pixel has not been initialized @ https://makeheadway.com/onboarding/_next/static/chunks/2992-abf97510c4cae97e.js:9
[   10410ms] [WARNING] The resource https://makeheadway.com/onboarding/vendor/rive/rive.wasm was preloaded using link preload but not used within a few seconds from the window's load event. Please make sure it has an appropriate `as` value and it is preloaded intentionally. @ https://makeheadway.com/onboarding/self-growth/social-proof:0
[   10582ms] [INFO] Send service host not supplied; defaulting to empty string. @ https://makeheadway.com/onboarding/_next/static/chunks/2992-abf97510c4cae97e.js:9
[   17920ms] [WARNING] The resource https://makeheadway.com/onboarding/vendor/rive/rive.wasm was preloaded using link preload but not used within a few seconds from the window's load event. Please make sure it has an appropriate `as` value and it is preloaded intentionally. @ https://makeheadway.com/onboarding/self-growth/social-proof:0
[   21584ms] [WARNING] The resource https://makeheadway.com/onboarding/vendor/rive/rive.wasm was preloaded using link preload but not used within a few seconds from the window's load event. Please make sure it has an appropriate `as` value and it is preloaded intentionally. @ https://makeheadway.com/onboarding/self-growth/social-proof:0
[   22726ms] [WARNING] Outbrain pixel has not been initialized @ https://makeheadway.com/onboarding/_next/static/chunks/2992-abf97510c4cae97e.js:9
[   22744ms] [WARNING] Outbrain pixel has not been initialized @ https://makeheadway.com/onboarding/_next/static/chunks/2992-abf97510c4cae97e.js:9
[   23044ms] [ERROR] Attestation check for Attribution Reporting on https://trc.taboola.com failed. @ https://makeheadway.com/onboarding/self-growth/quiz:0
[   26981ms] [WARNING] The resource https://makeheadway.com/onboarding/vendor/rive/rive.wasm was preloaded using link preload but not used within a few seconds from the window's load event. Please make sure it has an appropriate `as` value and it is preloaded intentionally. @ https://makeheadway.com/onboarding/self-growth/quiz:0
