[     121ms] [LOG] [Rise] Survey engine: v2 @ https://onboarding.risescience.com/assets/index-CFu_GGPr.js:3
[     266ms] [LOG] 3.5.5 @ https://onboarding.risescience.com/assets/entry-vI1doHwI.js:3
[     400ms] [WARNING] [TikTok Pixel] - Invalid Event Name Format
Issue: 1 event name was rejected for not following TikTok format requirements.
Suggestion: Go to your source code and update these event types according to TikTok format requirements. See https://ads.tiktok.com/help/article/custom-events?lang=en for more information. @ https://onboarding.risescience.com/assets/package-BkljztG0.js:39
[     527ms] [WARNING] [TikTok Pixel] - Invalid Event Name Format
Issue: 1 event name was rejected for not following TikTok format requirements.
Suggestion: Go to your source code and update these event types according to TikTok format requirements. See https://ads.tiktok.com/help/article/custom-events?lang=en for more information. @ https://onboarding.risescience.com/assets/package-BkljztG0.js:39
[     529ms] [LOG] {name: TTFB, value: 39.89999997615814, delta: 39.89999997615814, entries: Array(1), id: v2-1782025797482-6744826532256} @ https://onboarding.risescience.com/assets/package-BkljztG0.js:39
[     649ms] [LOG] {name: FCP, value: 644, delta: 644, entries: Array(1), id: v2-1782025797482-5214120599902} @ https://onboarding.risescience.com/assets/package-BkljztG0.js:39
[    1128ms] [LOG] {name: LCP, value: 928, delta: 928, entries: Array(3), id: v2-1782025797482-2918343147485} @ https://onboarding.risescience.com/assets/package-BkljztG0.js:39
[    1597ms] [ERROR] Failed to load resource: the server responded with a status of 429 () @ https://o107506.ingest.us.sentry.io/api/4507862165553152/envelope/?sentry_key=e9e809f7580fb64ecb1d02c5d4f540a5&sentry_version=7&sentry_client=sentry.javascript.react%2F8.34.0:0
[    4905ms] [WARNING] The resource https://onboarding.risescience.com/assets/index-CL6gSBCs.tsx was preloaded using link preload but not used within a few seconds from the window's load event. Please make sure it has an appropriate `as` value and it is preloaded intentionally. @ https://onboarding.risescience.com/start:0
[    4905ms] [WARNING] The resource https://onboarding.risescience.com/src/styles/index.css was preloaded using link preload but not used within a few seconds from the window's load event. Please make sure it has an appropriate `as` value and it is preloaded intentionally. @ https://onboarding.risescience.com/start:0
[    9699ms] [WARNING] The resource https://onboarding.risescience.com/assets/index-CL6gSBCs.tsx was preloaded using link preload but not used within a few seconds from the window's load event. Please make sure it has an appropriate `as` value and it is preloaded intentionally. @ https://onboarding.risescience.com/start:0
[    9699ms] [WARNING] The resource https://onboarding.risescience.com/src/styles/index.css was preloaded using link preload but not used within a few seconds from the window's load event. Please make sure it has an appropriate `as` value and it is preloaded intentionally. @ https://onboarding.risescience.com/start:0
[   14869ms] [WARNING] The resource https://onboarding.risescience.com/assets/index-CL6gSBCs.tsx was preloaded using link preload but not used within a few seconds from the window's load event. Please make sure it has an appropriate `as` value and it is preloaded intentionally. @ https://onboarding.risescience.com/start:0
[   14869ms] [WARNING] The resource https://onboarding.risescience.com/src/styles/index.css was preloaded using link preload but not used within a few seconds from the window's load event. Please make sure it has an appropriate `as` value and it is preloaded intentionally. @ https://onboarding.risescience.com/start:0
[   24170ms] [WARNING] The resource https://onboarding.risescience.com/assets/index-CL6gSBCs.tsx was preloaded using link preload but not used within a few seconds from the window's load event. Please make sure it has an appropriate `as` value and it is preloaded intentionally. @ https://onboarding.risescience.com/start:0
[   24170ms] [WARNING] The resource https://onboarding.risescience.com/src/styles/index.css was preloaded using link preload but not used within a few seconds from the window's load event. Please make sure it has an appropriate `as` value and it is preloaded intentionally. @ https://onboarding.risescience.com/start:0
[   33767ms] [WARNING] The resource https://onboarding.risescience.com/assets/index-CL6gSBCs.tsx was preloaded using link preload but not used within a few seconds from the window's load event. Please make sure it has an appropriate `as` value and it is preloaded intentionally. @ https://onboarding.risescience.com/start:0
[   33767ms] [WARNING] The resource https://onboarding.risescience.com/src/styles/index.css was preloaded using link preload but not used within a few seconds from the window's load event. Please make sure it has an appropriate `as` value and it is preloaded intentionally. @ https://onboarding.risescience.com/start:0
[   38518ms] [WARNING] The resource https://onboarding.risescience.com/assets/index-CL6gSBCs.tsx was preloaded using link preload but not used within a few seconds from the window's load event. Please make sure it has an appropriate `as` value and it is preloaded intentionally. @ https://onboarding.risescience.com/start:0
[   38518ms] [WARNING] The resource https://onboarding.risescience.com/src/styles/index.css was preloaded using link preload but not used within a few seconds from the window's load event. Please make sure it has an appropriate `as` value and it is preloaded intentionally. @ https://onboarding.risescience.com/start:0
[   47924ms] [WARNING] The resource https://onboarding.risescience.com/assets/index-CL6gSBCs.tsx was preloaded using link preload but not used within a few seconds from the window's load event. Please make sure it has an appropriate `as` value and it is preloaded intentionally. @ https://onboarding.risescience.com/start:0
[   47924ms] [WARNING] The resource https://onboarding.risescience.com/src/styles/index.css was preloaded using link preload but not used within a few seconds from the window's load event. Please make sure it has an appropriate `as` value and it is preloaded intentionally. @ https://onboarding.risescience.com/start:0
